11:04:23.790 INFO - Selenium build info: version: '3.3.0', revision: 'b526bd5'
11:04:23.790 INFO - Launching a standalone Selenium Server
2017-07-28 11:04:23.806:INFO::main: Logging initialized @214ms to org.seleniumhq.jetty9.util.log.StdErrLog
11:04:23.855 INFO - Driver provider org.openqa.selenium.ie.InternetExplorerDriver registration is skipped:
 registration capabilities Capabilities [{ensureCleanSession=true, browserName=internet explorer, version=, platform=WINDOWS}] does not match the current platform MAC
11:04:23.855 INFO - Driver provider org.openqa.selenium.edge.EdgeDriver registration is skipped:
 registration capabilities Capabilities [{browserName=MicrosoftEdge, version=, platform=WINDOWS}] does not match the current platform MAC
11:04:23.855 INFO - Driver class not found: com.opera.core.systems.OperaDriver
11:04:23.855 INFO - Driver provider com.opera.core.systems.OperaDriver registration is skipped:
Unable to create new instances on this machine.
11:04:23.856 INFO - Driver class not found: com.opera.core.systems.OperaDriver
11:04:23.856 INFO - Driver provider com.opera.core.systems.OperaDriver is not registered
2017-07-28 11:04:23.894:INFO:osjs.Server:main: jetty-9.2.20.v20161216
2017-07-28 11:04:23.922:INFO:osjsh.ContextHandler:main: Started o.s.j.s.ServletContextHandler@685cb137{/,null,AVAILABLE}
2017-07-28 11:04:23.948:INFO:osjs.AbstractConnector:main: Started ServerConnector@5bcab519{HTTP/1.1,[http/1.1]}{0.0.0.0:4444}
2017-07-28 11:04:23.949:INFO:osjs.Server:main: Started @357ms
11:04:23.949 INFO - Selenium Server is up and running
11:04:24.285 INFO - SessionCleaner initialized with insideBrowserTimeout 0 and clientGoneTimeout 1800000 polling every 180000
11:04:24.309 INFO - Executing: [new session: Capabilities [{acceptSslCerts=true, name=Home, browserName=chrome, javascriptEnabled=true, platform=ANY}]])
11:04:24.321 INFO - Creating a new session for Capabilities [{acceptSslCerts=true, name=Home, browserName=chrome, javascriptEnabled=true, platform=ANY}]
Starting ChromeDriver 2.31.488774 (7e15618d1bf16df8bf0ecf2914ed1964a387ba0b) on port 24304
Only local connections are allowed.
11:04:25.368 INFO - Detected dialect: OSS
11:04:25.383 INFO - Done: [new session: Capabilities [{acceptSslCerts=true, name=Home, browserName=chrome, javascriptEnabled=true, platform=ANY}]]
11:04:25.396 INFO - Executing: [get: https://wordpress.com/])
11:04:32.861 INFO - Done: [get: https://wordpress.com/]
11:04:32.871 INFO - Executing: [find elements: By.cssSelector: body])
11:04:32.901 INFO - Done: [find elements: By.cssSelector: body]
11:04:32.909 INFO - Executing: [find elements: By.cssSelector: a[href$="/wordpress.com/"]])
11:04:32.929 INFO - Done: [find elements: By.cssSelector: a[href$="/wordpress.com/"]]
11:04:32.936 INFO - Executing: [get text: 1 [[ChromeDriver: chrome on MAC (0b13af167ae53c880e160262de3d7979)] -> css selector: a[href$="/wordpress.com/"]]])
11:04:32.958 INFO - Done: [get text: 1 [[ChromeDriver: chrome on MAC (0b13af167ae53c880e160262de3d7979)] -> css selector: a[href$="/wordpress.com/"]]]
11:04:32.978 INFO - Executing: [find elements: By.cssSelector: a.login-link])
11:04:32.997 INFO - Done: [find elements: By.cssSelector: a.login-link]
11:04:33.009 INFO - Executing: [is displayed: 2 [[ChromeDriver: chrome on MAC (0b13af167ae53c880e160262de3d7979)] -> css selector: a.login-link]])
11:04:33.026 INFO - Done: [is displayed: 2 [[ChromeDriver: chrome on MAC (0b13af167ae53c880e160262de3d7979)] -> css selector: a.login-link]]
11:04:33.032 INFO - Executing: [find element: By.cssSelector: a.login-link])
11:04:33.050 INFO - Done: [find element: By.cssSelector: a.login-link]
11:04:33.054 INFO - Executing: [click: 2 [[ChromeDriver: chrome on MAC (0b13af167ae53c880e160262de3d7979)] -> css selector: a.login-link]])
11:04:38.701 INFO - Done: [click: 2 [[ChromeDriver: chrome on MAC (0b13af167ae53c880e160262de3d7979)] -> css selector: a.login-link]]
11:04:43.714 INFO - Executing: [find element: By.cssSelector: div.wp-login__container])
11:04:43.731 INFO - Done: [find element: By.cssSelector: div.wp-login__container]
11:04:43.736 INFO - Executing: [is displayed: 3 [[ChromeDriver: chrome on MAC (0b13af167ae53c880e160262de3d7979)] -> css selector: div.wp-login__container]])
11:04:43.751 INFO - Done: [is displayed: 3 [[ChromeDriver: chrome on MAC (0b13af167ae53c880e160262de3d7979)] -> css selector: div.wp-login__container]]
11:04:43.758 INFO - Executing: [find element: By.cssSelector: input#usernameOrEmail])
11:04:43.774 INFO - Done: [find element: By.cssSelector: input#usernameOrEmail]
11:04:43.779 INFO - Executing: [send keys: 4 [[ChromeDriver: chrome on MAC (0b13af167ae53c880e160262de3d7979)] -> css selector: input#usernameOrEmail], [v, o, d, q, a, @, g, m, a, i, l, ., c, o, m]])
11:04:43.876 INFO - Done: [send keys: 4 [[ChromeDriver: chrome on MAC (0b13af167ae53c880e160262de3d7979)] -> css selector: input#usernameOrEmail], [v, o, d, q, a, @, g, m, a, i, l, ., c, o, m]]
11:04:43.882 INFO - Executing: [find element: By.cssSelector: input#password])
11:04:43.900 INFO - Done: [find element: By.cssSelector: input#password]
11:04:43.904 INFO - Executing: [send keys: 5 [[ChromeDriver: chrome on MAC (0b13af167ae53c880e160262de3d7979)] -> css selector: input#password], [H, e, l, l, o, 1, 2, 3, 4, 5, 6, 7, 8]])
11:04:43.978 INFO - Done: [send keys: 5 [[ChromeDriver: chrome on MAC (0b13af167ae53c880e160262de3d7979)] -> css selector: input#password], [H, e, l, l, o, 1, 2, 3, 4, 5, 6, 7, 8]]
11:04:43.982 INFO - Executing: [find element: By.cssSelector: button[type=submit]])
11:04:43.998 INFO - Done: [find element: By.cssSelector: button[type=submit]]
11:04:44.002 INFO - Executing: [click: 6 [[ChromeDriver: chrome on MAC (0b13af167ae53c880e160262de3d7979)] -> css selector: button[type=submit]]])
11:04:44.053 INFO - Done: [click: 6 [[ChromeDriver: chrome on MAC (0b13af167ae53c880e160262de3d7979)] -> css selector: button[type=submit]]]
11:04:44.057 INFO - Executing: [find elements: By.cssSelector: div.layout__content])
11:04:44.073 INFO - Done: [find elements: By.cssSelector: div.layout__content]
11:04:44.094 INFO - Executing: [find elements: By.cssSelector: a[title="Create a New Post"]])
11:04:44.110 INFO - Done: [find elements: By.cssSelector: a[title="Create a New Post"]]
11:04:44.616 INFO - Executing: [find elements: By.cssSelector: a[title="Create a New Post"]])
11:04:53.014 INFO - Done: [find elements: By.cssSelector: a[title="Create a New Post"]]
11:04:53.019 INFO - Executing: [find element: By.cssSelector: a[title="Create a New Post"]])
11:04:53.035 INFO - Done: [find element: By.cssSelector: a[title="Create a New Post"]]
11:04:53.038 INFO - Executing: [click: 8 [[ChromeDriver: chrome on MAC (0b13af167ae53c880e160262de3d7979)] -> css selector: a[title="Create a New Post"]]])
11:04:53.103 INFO - Done: [click: 8 [[ChromeDriver: chrome on MAC (0b13af167ae53c880e160262de3d7979)] -> css selector: a[title="Create a New Post"]]]
11:04:53.108 INFO - Executing: [find elements: By.cssSelector: div.post-editor__content-editor])
11:04:53.126 INFO - Done: [find elements: By.cssSelector: div.post-editor__content-editor]
11:04:53.635 INFO - Executing: [find elements: By.cssSelector: div.post-editor__content-editor])
11:04:53.644 INFO - Done: [find elements: By.cssSelector: div.post-editor__content-editor]
11:04:54.152 INFO - Executing: [find elements: By.cssSelector: div.post-editor__content-editor])
11:04:54.160 INFO - Done: [find elements: By.cssSelector: div.post-editor__content-editor]
11:04:54.669 INFO - Executing: [find elements: By.cssSelector: div.post-editor__content-editor])
11:04:54.677 INFO - Done: [find elements: By.cssSelector: div.post-editor__content-editor]
11:04:55.185 INFO - Executing: [find elements: By.cssSelector: div.post-editor__content-editor])
11:04:56.293 INFO - Done: [find elements: By.cssSelector: div.post-editor__content-editor]
11:04:56.297 INFO - Executing: [find element: By.cssSelector: textarea[placeholder="Title"]])
11:04:56.313 INFO - Done: [find element: By.cssSelector: textarea[placeholder="Title"]]
11:04:56.316 INFO - Executing: [send keys: 10 [[ChromeDriver: chrome on MAC (0b13af167ae53c880e160262de3d7979)] -> css selector: textarea[placeholder="Title"]], [v, o, d, Q, A, -, S, h, o, t, s]])
11:04:56.501 INFO - Done: [send keys: 10 [[ChromeDriver: chrome on MAC (0b13af167ae53c880e160262de3d7979)] -> css selector: textarea[placeholder="Title"]], [v, o, d, Q, A, -, S, h, o, t, s]]
11:04:56.506 INFO - Executing: [find elements: By.cssSelector: button[class*="editor-ground-control__preview-button"][disabled]])
11:04:56.521 INFO - Done: [find elements: By.cssSelector: button[class*="editor-ground-control__preview-button"][disabled]]
11:04:57.027 INFO - Executing: [find elements: By.cssSelector: button[class*="editor-ground-control__preview-button"][disabled]])
11:04:57.035 INFO - Done: [find elements: By.cssSelector: button[class*="editor-ground-control__preview-button"][disabled]]
11:04:57.545 INFO - Executing: [find elements: By.cssSelector: button[class*="editor-ground-control__preview-button"][disabled]])
11:04:57.554 INFO - Done: [find elements: By.cssSelector: button[class*="editor-ground-control__preview-button"][disabled]]
11:04:58.061 INFO - Executing: [find elements: By.cssSelector: button[class*="editor-ground-control__preview-button"][disabled]])
11:04:58.070 INFO - Done: [find elements: By.cssSelector: button[class*="editor-ground-control__preview-button"][disabled]]
11:04:58.579 INFO - Executing: [find elements: By.cssSelector: button[class*="editor-ground-control__preview-button"][disabled]])
11:04:58.588 INFO - Done: [find elements: By.cssSelector: button[class*="editor-ground-control__preview-button"][disabled]]
11:04:59.095 INFO - Executing: [find elements: By.cssSelector: button[class*="editor-ground-control__preview-button"][disabled]])
11:04:59.105 INFO - Done: [find elements: By.cssSelector: button[class*="editor-ground-control__preview-button"][disabled]]
11:04:59.612 INFO - Executing: [find elements: By.cssSelector: button[class*="editor-ground-control__preview-button"][disabled]])
11:04:59.621 INFO - Done: [find elements: By.cssSelector: button[class*="editor-ground-control__preview-button"][disabled]]
11:04:59.624 INFO - Executing: [find element: By.cssSelector: button[class*="editor-ground-control__preview-button"]])
11:04:59.640 INFO - Done: [find element: By.cssSelector: button[class*="editor-ground-control__preview-button"]]
11:04:59.643 INFO - Executing: [click: 11 [[ChromeDriver: chrome on MAC (0b13af167ae53c880e160262de3d7979)] -> css selector: button[class*="editor-ground-control__preview-button"][disabled]]])
11:04:59.696 INFO - Done: [click: 11 [[ChromeDriver: chrome on MAC (0b13af167ae53c880e160262de3d7979)] -> css selector: button[class*="editor-ground-control__preview-button"][disabled]]]
11:04:59.701 INFO - Executing: [find elements: By.cssSelector: div.web-preview__inner])
11:04:59.719 INFO - Done: [find elements: By.cssSelector: div.web-preview__inner]
11:05:02.729 INFO - Executing: [find element: By.cssSelector: button[class*="web-preview__close"]])
11:05:02.838 INFO - Done: [find element: By.cssSelector: button[class*="web-preview__close"]]
11:05:02.842 INFO - Executing: [click: 13 [[ChromeDriver: chrome on MAC (0b13af167ae53c880e160262de3d7979)] -> css selector: button[class*="web-preview__close"]]])
11:05:02.900 INFO - Done: [click: 13 [[ChromeDriver: chrome on MAC (0b13af167ae53c880e160262de3d7979)] -> css selector: button[class*="web-preview__close"]]]
11:05:02.904 INFO - Executing: [find element: By.cssSelector: button[class*="editor-publish-button"]])
11:05:02.924 INFO - Done: [find element: By.cssSelector: button[class*="editor-publish-button"]]
11:05:02.926 INFO - Executing: [click: 14 [[ChromeDriver: chrome on MAC (0b13af167ae53c880e160262de3d7979)] -> css selector: button[class*="editor-publish-button"]]])
11:05:02.995 INFO - Done: [click: 14 [[ChromeDriver: chrome on MAC (0b13af167ae53c880e160262de3d7979)] -> css selector: button[class*="editor-publish-button"]]]
11:05:03.000 INFO - Executing: [find elements: By.cssSelector: div.notice.is-success])
11:05:03.019 INFO - Done: [find elements: By.cssSelector: div.notice.is-success]
11:05:03.527 INFO - Executing: [find elements: By.cssSelector: div.notice.is-success])
11:05:03.535 INFO - Done: [find elements: By.cssSelector: div.notice.is-success]
11:05:04.044 INFO - Executing: [find elements: By.cssSelector: div.notice.is-success])
11:05:04.053 INFO - Done: [find elements: By.cssSelector: div.notice.is-success]
11:05:04.562 INFO - Executing: [find elements: By.cssSelector: div.notice.is-success])
11:05:04.571 INFO - Done: [find elements: By.cssSelector: div.notice.is-success]
11:05:05.079 INFO - Executing: [find elements: By.cssSelector: div.notice.is-success])
11:05:05.088 INFO - Done: [find elements: By.cssSelector: div.notice.is-success]
11:05:05.596 INFO - Executing: [find elements: By.cssSelector: div.notice.is-success])
11:05:05.604 INFO - Done: [find elements: By.cssSelector: div.notice.is-success]
11:05:06.112 INFO - Executing: [find elements: By.cssSelector: div.notice.is-success])
11:05:06.121 INFO - Done: [find elements: By.cssSelector: div.notice.is-success]
11:05:06.629 INFO - Executing: [find elements: By.cssSelector: div.notice.is-success])
11:05:07.342 INFO - Done: [find elements: By.cssSelector: div.notice.is-success]
11:05:07.346 INFO - Executing: [find elements: By.cssSelector: .notice__text])
11:05:07.361 INFO - Done: [find elements: By.cssSelector: .notice__text]
11:05:07.364 INFO - Executing: [get text: 16 [[ChromeDriver: chrome on MAC (0b13af167ae53c880e160262de3d7979)] -> css selector: .notice__text]])
11:05:07.382 INFO - Done: [get text: 16 [[ChromeDriver: chrome on MAC (0b13af167ae53c880e160262de3d7979)] -> css selector: .notice__text]]
11:05:07.388 INFO - Executing: [delete session: c160c11b-ce9a-4a5c-a81d-f1bc79950b68])
11:05:07.519 INFO - Done: [delete session: c160c11b-ce9a-4a5c-a81d-f1bc79950b68]
